<?xml version="1.0" encoding="UTF-8"?>
<coverage generated="1784083570500" clover="3.2.0">
  <project timestamp="1784083570500" name="All files">
    <metrics statements="53" coveredstatements="52" conditionals="35" coveredconditionals="33" methods="10" coveredmethods="10" elements="98" coveredelements="95" complexity="0" loc="53" ncloc="53" packages="4" files="4" classes="4"/>
    <package name="components">
      <metrics statements="23" coveredstatements="23" conditionals="18" coveredconditionals="17" methods="4" coveredmethods="4"/>
      <file name="TransferForm.jsx" path="C:\Users\pinto\INACAP\2026\Tercer_semestre_2026\FRONT_END\EVA2\EVA2_MiniBancoDigital\minibancodigital\src\components\TransferForm.jsx">
        <metrics statements="23" coveredstatements="23" conditionals="18" coveredconditionals="17" methods="4" coveredmethods="4"/>
        <line num="8" count="69" type="stmt"/>
        <line num="9" count="69" type="stmt"/>
        <line num="10" count="69" type="stmt"/>
        <line num="11" count="69" type="stmt"/>
        <line num="12" count="69" type="stmt"/>
        <line num="14" count="69" type="stmt"/>
        <line num="15" count="3" type="stmt"/>
        <line num="16" count="3" type="stmt"/>
        <line num="19" count="3" type="stmt"/>
        <line num="21" count="3" type="cond" truecount="2" falsecount="0"/>
        <line num="22" count="1" type="stmt"/>
        <line num="25" count="2" type="stmt"/>
        <line num="26" count="2" type="stmt"/>
        <line num="28" count="2" type="stmt"/>
        <line num="30" count="2" type="stmt"/>
        <line num="32" count="1" type="stmt"/>
        <line num="33" count="1" type="stmt"/>
        <line num="34" count="1" type="stmt"/>
        <line num="37" count="1" type="cond" truecount="1" falsecount="1"/>
        <line num="39" count="2" type="stmt"/>
        <line num="43" count="69" type="stmt"/>
        <line num="48" count="49" type="stmt"/>
        <line num="51" count="11" type="stmt"/>
      </file>
    </package>
    <package name="context">
      <metrics statements="15" coveredstatements="14" conditionals="5" coveredconditionals="4" methods="5" coveredmethods="5"/>
      <file name="AuthContext.jsx" path="C:\Users\pinto\INACAP\2026\Tercer_semestre_2026\FRONT_END\EVA2\EVA2_MiniBancoDigital\minibancodigital\src\context\AuthContext.jsx">
        <metrics statements="15" coveredstatements="14" conditionals="5" coveredconditionals="4" methods="5" coveredmethods="5"/>
        <line num="7" count="2" type="stmt"/>
        <line num="10" count="2" type="stmt"/>
        <line num="11" count="2" type="cond" truecount="2" falsecount="1"/>
        <line num="13" count="1" type="stmt"/>
        <line num="15" count="1" type="stmt"/>
        <line num="17" count="0" type="stmt"/>
        <line num="22" count="2" type="stmt"/>
        <line num="24" count="5" type="stmt"/>
        <line num="30" count="5" type="stmt"/>
        <line num="31" count="3" type="stmt"/>
        <line num="32" count="2" type="cond" truecount="2" falsecount="0"/>
        <line num="33" count="1" type="stmt"/>
        <line num="35" count="1" type="stmt"/>
        <line num="39" count="3" type="stmt"/>
        <line num="42" count="5" type="stmt"/>
      </file>
    </package>
    <package name="firebase">
      <metrics statements="4" coveredstatements="4" conditionals="0" coveredconditionals="0" methods="0" coveredmethods="0"/>
      <file name="config.js" path="C:\Users\pinto\INACAP\2026\Tercer_semestre_2026\FRONT_END\EVA2\EVA2_MiniBancoDigital\minibancodigital\src\firebase\config.js">
        <metrics statements="4" coveredstatements="4" conditionals="0" coveredconditionals="0" methods="0" coveredmethods="0"/>
        <line num="8" count="1" type="stmt"/>
        <line num="18" count="1" type="stmt"/>
        <line num="21" count="1" type="stmt"/>
        <line num="22" count="1" type="stmt"/>
      </file>
    </package>
    <package name="utils">
      <metrics statements="11" coveredstatements="11" conditionals="12" coveredconditionals="12" methods="1" coveredmethods="1"/>
      <file name="validaciones.js" path="C:\Users\pinto\INACAP\2026\Tercer_semestre_2026\FRONT_END\EVA2\EVA2_MiniBancoDigital\minibancodigital\src\utils\validaciones.js">
        <metrics statements="11" coveredstatements="11" conditionals="12" coveredconditionals="12" methods="1" coveredmethods="1"/>
        <line num="1" count="2" type="stmt"/>
        <line num="2" count="10" type="stmt"/>
        <line num="4" count="10" type="cond" truecount="4" falsecount="0"/>
        <line num="5" count="3" type="stmt"/>
        <line num="7" count="7" type="cond" truecount="2" falsecount="0"/>
        <line num="8" count="1" type="stmt"/>
        <line num="10" count="6" type="cond" truecount="4" falsecount="0"/>
        <line num="11" count="2" type="stmt"/>
        <line num="13" count="4" type="cond" truecount="2" falsecount="0"/>
        <line num="14" count="1" type="stmt"/>
        <line num="17" count="3" type="stmt"/>
      </file>
    </package>
  </project>
</coverage>
