{"C:\\Users\\pinto\\INACAP\\2026\\Tercer_semestre_2026\\FRONT_END\\EVA2\\EVA2_MiniBancoDigital\\minibancodigital\\src\\components\\TransferForm.jsx": {"path":"C:\\Users\\pinto\\INACAP\\2026\\Tercer_semestre_2026\\FRONT_END\\EVA2\\EVA2_MiniBancoDigital\\minibancodigital\\src\\components\\TransferForm.jsx","statementMap":{"0":{"start":{"line":8,"column":19},"end":{"line":8,"column":null}},"1":{"start":{"line":9,"column":23},"end":{"line":9,"column":null}},"2":{"start":{"line":10,"column":16},"end":{"line":10,"column":null}},"3":{"start":{"line":11,"column":17},"end":{"line":11,"column":null}},"4":{"start":{"line":12,"column":21},"end":{"line":12,"column":null}},"5":{"start":{"line":14,"column":23},"end":{"line":41,"column":null}},"6":{"start":{"line":15,"column":4},"end":{"line":15,"column":null}},"7":{"start":{"line":16,"column":4},"end":{"line":16,"column":null}},"8":{"start":{"line":19,"column":10},"end":{"line":19,"column":null}},"9":{"start":{"line":21,"column":4},"end":{"line":23,"column":null}},"10":{"start":{"line":22,"column":6},"end":{"line":22,"column":null}},"11":{"start":{"line":25,"column":4},"end":{"line":25,"column":null}},"12":{"start":{"line":26,"column":21},"end":{"line":26,"column":null}},"13":{"start":{"line":28,"column":4},"end":{"line":40,"column":null}},"14":{"start":{"line":30,"column":6},"end":{"line":30,"column":null}},"15":{"start":{"line":32,"column":6},"end":{"line":32,"column":null}},"16":{"start":{"line":33,"column":6},"end":{"line":33,"column":null}},"17":{"start":{"line":34,"column":6},"end":{"line":34,"column":null}},"18":{"start":{"line":37,"column":6},"end":{"line":37,"column":null}},"19":{"start":{"line":39,"column":6},"end":{"line":39,"column":null}},"20":{"start":{"line":43,"column":2},"end":{"line":62,"column":null}},"21":{"start":{"line":48,"column":68},"end":{"line":48,"column":101}},"22":{"start":{"line":51,"column":62},"end":{"line":51,"column":88}}},"fnMap":{"0":{"name":"TransferForm","decl":{"start":{"line":7,"column":24},"end":{"line":7,"column":37}},"loc":{"start":{"line":7,"column":54},"end":{"line":64,"column":null}},"line":7},"1":{"name":"(anonymous_1)","decl":{"start":{"line":14,"column":23},"end":{"line":14,"column":30}},"loc":{"start":{"line":14,"column":41},"end":{"line":41,"column":null}},"line":14},"2":{"name":"(anonymous_2)","decl":{"start":{"line":48,"column":51},"end":{"line":48,"column":62}},"loc":{"start":{"line":48,"column":68},"end":{"line":48,"column":101}},"line":48},"3":{"name":"(anonymous_3)","decl":{"start":{"line":51,"column":45},"end":{"line":51,"column":56}},"loc":{"start":{"line":51,"column":62},"end":{"line":51,"column":88}},"line":51}},"branchMap":{"0":{"loc":{"start":{"line":21,"column":4},"end":{"line":23,"column":null}},"type":"if","locations":[{"start":{"line":21,"column":4},"end":{"line":23,"column":null}},{"start":{},"end":{}}],"line":21},"1":{"loc":{"start":{"line":37,"column":40},"end":{"line":37,"column":81}},"type":"binary-expr","locations":[{"start":{"line":37,"column":40},"end":{"line":37,"column":57}},{"start":{"line":37,"column":57},"end":{"line":37,"column":81}}],"line":37},"2":{"loc":{"start":{"line":53,"column":9},"end":{"line":56,"column":null}},"type":"binary-expr","locations":[{"start":{"line":53,"column":9},"end":{"line":53,"column":null}},{"start":{"line":54,"column":10},"end":{"line":56,"column":null}}],"line":53},"3":{"loc":{"start":{"line":54,"column":101},"end":{"line":54,"column":180}},"type":"cond-expr","locations":[{"start":{"line":54,"column":127},"end":{"line":54,"column":154}},{"start":{"line":54,"column":154},"end":{"line":54,"column":180}}],"line":54},"4":{"loc":{"start":{"line":54,"column":187},"end":{"line":54,"column":236}},"type":"cond-expr","locations":[{"start":{"line":54,"column":213},"end":{"line":54,"column":225}},{"start":{"line":54,"column":225},"end":{"line":54,"column":236}}],"line":54},"5":{"loc":{"start":{"line":58,"column":110},"end":{"line":58,"column":168}},"type":"cond-expr","locations":[{"start":{"line":58,"column":123},"end":{"line":58,"column":146}},{"start":{"line":58,"column":146},"end":{"line":58,"column":168}}],"line":58},"6":{"loc":{"start":{"line":58,"column":175},"end":{"line":58,"column":227}},"type":"cond-expr","locations":[{"start":{"line":58,"column":188},"end":{"line":58,"column":216}},{"start":{"line":58,"column":216},"end":{"line":58,"column":227}}],"line":58},"7":{"loc":{"start":{"line":58,"column":291},"end":{"line":58,"column":331}},"type":"cond-expr","locations":[{"start":{"line":58,"column":304},"end":{"line":58,"column":320}},{"start":{"line":58,"column":320},"end":{"line":58,"column":331}}],"line":58},"8":{"loc":{"start":{"line":59,"column":11},"end":{"line":59,"column":null}},"type":"cond-expr","locations":[{"start":{"line":59,"column":24},"end":{"line":59,"column":42}},{"start":{"line":59,"column":42},"end":{"line":59,"column":null}}],"line":59}},"s":{"0":69,"1":69,"2":69,"3":69,"4":69,"5":69,"6":3,"7":3,"8":3,"9":3,"10":1,"11":2,"12":2,"13":2,"14":2,"15":1,"16":1,"17":1,"18":1,"19":2,"20":69,"21":49,"22":11},"f":{"0":69,"1":3,"2":49,"3":11},"b":{"0":[1,2],"1":[1,0],"2":[69,3],"3":[2,1],"4":[2,1],"5":[2,67],"6":[2,67],"7":[2,67],"8":[2,67]},"meta":{"lastBranch":9,"lastFunction":4,"lastStatement":23,"seen":{"f:7:24:7:37":0,"s:8:19:8:Infinity":0,"s:9:23:9:Infinity":1,"s:10:16:10:Infinity":2,"s:11:17:11:Infinity":3,"s:12:21:12:Infinity":4,"s:14:23:41:Infinity":5,"f:14:23:14:30":1,"s:15:4:15:Infinity":6,"s:16:4:16:Infinity":7,"s:19:10:19:Infinity":8,"b:21:4:23:Infinity:undefined:undefined:undefined:undefined":0,"s:21:4:23:Infinity":9,"s:22:6:22:Infinity":10,"s:25:4:25:Infinity":11,"s:26:21:26:Infinity":12,"s:28:4:40:Infinity":13,"s:30:6:30:Infinity":14,"s:32:6:32:Infinity":15,"s:33:6:33:Infinity":16,"s:34:6:34:Infinity":17,"s:37:6:37:Infinity":18,"b:37:40:37:57:37:57:37:81":1,"s:39:6:39:Infinity":19,"s:43:2:62:Infinity":20,"f:48:51:48:62":2,"s:48:68:48:101":21,"f:51:45:51:56":3,"s:51:62:51:88":22,"b:53:9:53:Infinity:54:10:56:Infinity":2,"b:54:127:54:154:54:154:54:180":3,"b:54:213:54:225:54:225:54:236":4,"b:58:123:58:146:58:146:58:168":5,"b:58:188:58:216:58:216:58:227":6,"b:58:304:58:320:58:320:58:331":7,"b:59:24:59:42:59:42:59:Infinity":8},"fnNames":{}}}
,"C:\\Users\\pinto\\INACAP\\2026\\Tercer_semestre_2026\\FRONT_END\\EVA2\\EVA2_MiniBancoDigital\\minibancodigital\\src\\context\\AuthContext.jsx": {"path":"C:\\Users\\pinto\\INACAP\\2026\\Tercer_semestre_2026\\FRONT_END\\EVA2\\EVA2_MiniBancoDigital\\minibancodigital\\src\\context\\AuthContext.jsx","statementMap":{"0":{"start":{"line":7,"column":13},"end":{"line":7,"column":null}},"1":{"start":{"line":10,"column":6},"end":{"line":19,"column":null}},"2":{"start":{"line":11,"column":2},"end":{"line":18,"column":null}},"3":{"start":{"line":13,"column":6},"end":{"line":13,"column":null}},"4":{"start":{"line":15,"column":6},"end":{"line":15,"column":null}},"5":{"start":{"line":17,"column":6},"end":{"line":17,"column":null}},"6":{"start":{"line":22,"column":13},"end":{"line":47,"column":null}},"7":{"start":{"line":24,"column":17},"end":{"line":27,"column":null}},"8":{"start":{"line":30,"column":2},"end":{"line":40,"column":null}},"9":{"start":{"line":31,"column":10},"end":{"line":37,"column":null}},"10":{"start":{"line":32,"column":6},"end":{"line":36,"column":null}},"11":{"start":{"line":33,"column":8},"end":{"line":33,"column":null}},"12":{"start":{"line":35,"column":8},"end":{"line":35,"column":null}},"13":{"start":{"line":39,"column":4},"end":{"line":39,"column":null}},"14":{"start":{"line":39,"column":17},"end":{"line":39,"column":null}},"15":{"start":{"line":42,"column":2},"end":{"line":45,"column":null}}},"fnMap":{"0":{"name":"(anonymous_0)","decl":{"start":{"line":10,"column":6},"end":{"line":10,"column":21}},"loc":{"start":{"line":10,"column":40},"end":{"line":19,"column":null}},"line":10},"1":{"name":"(anonymous_1)","decl":{"start":{"line":22,"column":13},"end":{"line":22,"column":29}},"loc":{"start":{"line":22,"column":46},"end":{"line":47,"column":null}},"line":22},"2":{"name":"(anonymous_2)","decl":{"start":{"line":30,"column":2},"end":{"line":30,"column":18}},"loc":{"start":{"line":30,"column":18},"end":{"line":40,"column":5}},"line":30},"3":{"name":"(anonymous_3)","decl":{"start":{"line":31,"column":43},"end":{"line":31,"column":50}},"loc":{"start":{"line":31,"column":68},"end":{"line":37,"column":5}},"line":31},"4":{"name":"(anonymous_4)","decl":{"start":{"line":39,"column":4},"end":{"line":39,"column":17}},"loc":{"start":{"line":39,"column":17},"end":{"line":39,"column":null}},"line":39}},"branchMap":{"0":{"loc":{"start":{"line":11,"column":2},"end":{"line":18,"column":null}},"type":"switch","locations":[{"start":{"line":12,"column":4},"end":{"line":13,"column":null}},{"start":{"line":14,"column":4},"end":{"line":15,"column":null}},{"start":{"line":16,"column":4},"end":{"line":17,"column":null}}],"line":11},"1":{"loc":{"start":{"line":32,"column":6},"end":{"line":36,"column":null}},"type":"if","locations":[{"start":{"line":32,"column":6},"end":{"line":36,"column":null}},{"start":{"line":34,"column":13},"end":{"line":36,"column":null}}],"line":32}},"s":{"0":2,"1":2,"2":2,"3":1,"4":1,"5":0,"6":2,"7":5,"8":5,"9":3,"10":2,"11":1,"12":1,"13":3,"14":3,"15":5},"f":{"0":2,"1":5,"2":3,"3":2,"4":3},"b":{"0":[1,1,0],"1":[1,1]},"meta":{"lastBranch":2,"lastFunction":5,"lastStatement":16,"seen":{"s:7:13:7:Infinity":0,"s:10:6:19:Infinity":1,"f:10:6:10:21":0,"b:12:4:13:Infinity:14:4:15:Infinity:16:4:17:Infinity":0,"s:11:2:18:Infinity":2,"s:13:6:13:Infinity":3,"s:15:6:15:Infinity":4,"s:17:6:17:Infinity":5,"s:22:13:47:Infinity":6,"f:22:13:22:29":1,"s:24:17:27:Infinity":7,"s:30:2:40:Infinity":8,"f:30:2:30:18":2,"s:31:10:37:Infinity":9,"f:31:43:31:50":3,"b:32:6:36:Infinity:34:13:36:Infinity":1,"s:32:6:36:Infinity":10,"s:33:8:33:Infinity":11,"s:35:8:35:Infinity":12,"s:39:4:39:Infinity":13,"f:39:4:39:17":4,"s:39:17:39:Infinity":14,"s:42:2:45:Infinity":15},"fnNames":{}}}
,"C:\\Users\\pinto\\INACAP\\2026\\Tercer_semestre_2026\\FRONT_END\\EVA2\\EVA2_MiniBancoDigital\\minibancodigital\\src\\firebase\\config.js": {"path":"C:\\Users\\pinto\\INACAP\\2026\\Tercer_semestre_2026\\FRONT_END\\EVA2\\EVA2_MiniBancoDigital\\minibancodigital\\src\\firebase\\config.js","statementMap":{"0":{"start":{"line":8,"column":23},"end":{"line":15,"column":null}},"1":{"start":{"line":18,"column":6},"end":{"line":18,"column":null}},"2":{"start":{"line":21,"column":13},"end":{"line":21,"column":null}},"3":{"start":{"line":22,"column":13},"end":{"line":22,"column":null}}},"fnMap":{},"branchMap":{},"s":{"0":1,"1":1,"2":1,"3":1},"f":{},"b":{},"meta":{"lastBranch":0,"lastFunction":0,"lastStatement":4,"seen":{"s:8:23:15:Infinity":0,"s:18:6:18:Infinity":1,"s:21:13:21:Infinity":2,"s:22:13:22:Infinity":3},"fnNames":{}}}
,"C:\\Users\\pinto\\INACAP\\2026\\Tercer_semestre_2026\\FRONT_END\\EVA2\\EVA2_MiniBancoDigital\\minibancodigital\\src\\utils\\validaciones.js": {"path":"C:\\Users\\pinto\\INACAP\\2026\\Tercer_semestre_2026\\FRONT_END\\EVA2\\EVA2_MiniBancoDigital\\minibancodigital\\src\\utils\\validaciones.js","statementMap":{"0":{"start":{"line":1,"column":13},"end":{"line":18,"column":null}},"1":{"start":{"line":2,"column":19},"end":{"line":2,"column":null}},"2":{"start":{"line":4,"column":2},"end":{"line":6,"column":null}},"3":{"start":{"line":5,"column":4},"end":{"line":5,"column":null}},"4":{"start":{"line":7,"column":2},"end":{"line":9,"column":null}},"5":{"start":{"line":8,"column":4},"end":{"line":8,"column":null}},"6":{"start":{"line":10,"column":2},"end":{"line":12,"column":null}},"7":{"start":{"line":11,"column":4},"end":{"line":11,"column":null}},"8":{"start":{"line":13,"column":2},"end":{"line":15,"column":null}},"9":{"start":{"line":14,"column":4},"end":{"line":14,"column":null}},"10":{"start":{"line":17,"column":2},"end":{"line":17,"column":null}}},"fnMap":{"0":{"name":"(anonymous_0)","decl":{"start":{"line":1,"column":13},"end":{"line":1,"column":37}},"loc":{"start":{"line":1,"column":87},"end":{"line":18,"column":null}},"line":1}},"branchMap":{"0":{"loc":{"start":{"line":4,"column":2},"end":{"line":6,"column":null}},"type":"if","locations":[{"start":{"line":4,"column":2},"end":{"line":6,"column":null}},{"start":{},"end":{}}],"line":4},"1":{"loc":{"start":{"line":4,"column":6},"end":{"line":4,"column":40}},"type":"binary-expr","locations":[{"start":{"line":4,"column":6},"end":{"line":4,"column":25}},{"start":{"line":4,"column":25},"end":{"line":4,"column":40}}],"line":4},"2":{"loc":{"start":{"line":7,"column":2},"end":{"line":9,"column":null}},"type":"if","locations":[{"start":{"line":7,"column":2},"end":{"line":9,"column":null}},{"start":{},"end":{}}],"line":7},"3":{"loc":{"start":{"line":10,"column":2},"end":{"line":12,"column":null}},"type":"if","locations":[{"start":{"line":10,"column":2},"end":{"line":12,"column":null}},{"start":{},"end":{}}],"line":10},"4":{"loc":{"start":{"line":10,"column":6},"end":{"line":10,"column":52}},"type":"binary-expr","locations":[{"start":{"line":10,"column":6},"end":{"line":10,"column":23}},{"start":{"line":10,"column":23},"end":{"line":10,"column":52}}],"line":10},"5":{"loc":{"start":{"line":13,"column":2},"end":{"line":15,"column":null}},"type":"if","locations":[{"start":{"line":13,"column":2},"end":{"line":15,"column":null}},{"start":{},"end":{}}],"line":13}},"s":{"0":2,"1":10,"2":10,"3":3,"4":7,"5":1,"6":6,"7":2,"8":4,"9":1,"10":3},"f":{"0":10},"b":{"0":[3,7],"1":[10,10],"2":[1,6],"3":[2,4],"4":[6,5],"5":[1,3]},"meta":{"lastBranch":6,"lastFunction":1,"lastStatement":11,"seen":{"s:1:13:18:Infinity":0,"f:1:13:1:37":0,"s:2:19:2:Infinity":1,"b:4:2:6:Infinity:undefined:undefined:undefined:undefined":0,"s:4:2:6:Infinity":2,"b:4:6:4:25:4:25:4:40":1,"s:5:4:5:Infinity":3,"b:7:2:9:Infinity:undefined:undefined:undefined:undefined":2,"s:7:2:9:Infinity":4,"s:8:4:8:Infinity":5,"b:10:2:12:Infinity:undefined:undefined:undefined:undefined":3,"s:10:2:12:Infinity":6,"b:10:6:10:23:10:23:10:52":4,"s:11:4:11:Infinity":7,"b:13:2:15:Infinity:undefined:undefined:undefined:undefined":5,"s:13:2:15:Infinity":8,"s:14:4:14:Infinity":9,"s:17:2:17:Infinity":10},"fnNames":{}}}
}
