{"C:\\Users\\pinto\\INACAP\\2026\\Tercer_semestre_2026\\FRONT_END\\EVA2\\EVA2_MiniBancoDigital\\minibancodigital\\src\\components\\History.jsx": {"path":"C:\\Users\\pinto\\INACAP\\2026\\Tercer_semestre_2026\\FRONT_END\\EVA2\\EVA2_MiniBancoDigital\\minibancodigital\\src\\components\\History.jsx","statementMap":{"0":{"start":{"line":7,"column":19},"end":{"line":7,"column":null}},"1":{"start":{"line":8,"column":22},"end":{"line":8,"column":null}},"2":{"start":{"line":9,"column":19},"end":{"line":9,"column":null}},"3":{"start":{"line":11,"column":22},"end":{"line":11,"column":null}},"4":{"start":{"line":12,"column":21},"end":{"line":12,"column":null}},"5":{"start":{"line":13,"column":22},"end":{"line":13,"column":null}},"6":{"start":{"line":15,"column":2},"end":{"line":28,"column":null}},"7":{"start":{"line":16,"column":4},"end":{"line":16,"column":null}},"8":{"start":{"line":16,"column":24},"end":{"line":16,"column":null}},"9":{"start":{"line":17,"column":10},"end":{"line":17,"column":null}},"10":{"start":{"line":18,"column":10},"end":{"line":18,"column":null}},"11":{"start":{"line":20,"column":10},"end":{"line":25,"column":null}},"12":{"start":{"line":21,"column":24},"end":{"line":21,"column":null}},"13":{"start":{"line":21,"column":50},"end":{"line":21,"column":80}},"14":{"start":{"line":22,"column":6},"end":{"line":22,"column":null}},"15":{"start":{"line":22,"column":31},"end":{"line":22,"column":68}},"16":{"start":{"line":23,"column":6},"end":{"line":23,"column":null}},"17":{"start":{"line":24,"column":6},"end":{"line":24,"column":null}},"18":{"start":{"line":27,"column":4},"end":{"line":27,"column":null}},"19":{"start":{"line":27,"column":17},"end":{"line":27,"column":null}},"20":{"start":{"line":30,"column":31},"end":{"line":41,"column":null}},"21":{"start":{"line":31,"column":27},"end":{"line":31,"column":null}},"22":{"start":{"line":32,"column":22},"end":{"line":32,"column":null}},"23":{"start":{"line":33,"column":24},"end":{"line":33,"column":null}},"24":{"start":{"line":34,"column":28},"end":{"line":34,"column":null}},"25":{"start":{"line":36,"column":24},"end":{"line":36,"column":null}},"26":{"start":{"line":37,"column":33},"end":{"line":37,"column":null}},"27":{"start":{"line":38,"column":28},"end":{"line":38,"column":null}},"28":{"start":{"line":40,"column":4},"end":{"line":40,"column":null}},"29":{"start":{"line":43,"column":2},"end":{"line":43,"column":null}},"30":{"start":{"line":43,"column":16},"end":{"line":43,"column":null}},"31":{"start":{"line":45,"column":2},"end":{"line":94,"column":null}},"32":{"start":{"line":50,"column":100},"end":{"line":50,"column":132}},"33":{"start":{"line":51,"column":52},"end":{"line":51,"column":83}},"34":{"start":{"line":57,"column":64},"end":{"line":57,"column":96}},"35":{"start":{"line":67,"column":30},"end":{"line":67,"column":null}},"36":{"start":{"line":68,"column":34},"end":{"line":68,"column":null}},"37":{"start":{"line":70,"column":12},"end":{"line":89,"column":null}}},"fnMap":{"0":{"name":"History","decl":{"start":{"line":6,"column":24},"end":{"line":6,"column":34}},"loc":{"start":{"line":6,"column":34},"end":{"line":96,"column":null}},"line":6},"1":{"name":"(anonymous_1)","decl":{"start":{"line":15,"column":2},"end":{"line":15,"column":18}},"loc":{"start":{"line":15,"column":18},"end":{"line":28,"column":5}},"line":15},"2":{"name":"(anonymous_2)","decl":{"start":{"line":20,"column":35},"end":{"line":20,"column":46}},"loc":{"start":{"line":20,"column":59},"end":{"line":25,"column":5}},"line":20},"3":{"name":"(anonymous_3)","decl":{"start":{"line":21,"column":38},"end":{"line":21,"column":42}},"loc":{"start":{"line":21,"column":50},"end":{"line":21,"column":80}},"line":21},"4":{"name":"(anonymous_4)","decl":{"start":{"line":22,"column":16},"end":{"line":22,"column":22}},"loc":{"start":{"line":22,"column":31},"end":{"line":22,"column":68}},"line":22},"5":{"name":"(anonymous_5)","decl":{"start":{"line":27,"column":4},"end":{"line":27,"column":17}},"loc":{"start":{"line":27,"column":17},"end":{"line":27,"column":null}},"line":27},"6":{"name":"(anonymous_6)","decl":{"start":{"line":30,"column":43},"end":{"line":30,"column":51}},"loc":{"start":{"line":30,"column":59},"end":{"line":41,"column":3}},"line":30},"7":{"name":"(anonymous_7)","decl":{"start":{"line":50,"column":83},"end":{"line":50,"column":94}},"loc":{"start":{"line":50,"column":100},"end":{"line":50,"column":132}},"line":50},"8":{"name":"(anonymous_8)","decl":{"start":{"line":51,"column":35},"end":{"line":51,"column":46}},"loc":{"start":{"line":51,"column":52},"end":{"line":51,"column":83}},"line":51},"9":{"name":"(anonymous_9)","decl":{"start":{"line":57,"column":47},"end":{"line":57,"column":58}},"loc":{"start":{"line":57,"column":64},"end":{"line":57,"column":96}},"line":57},"10":{"name":"(anonymous_10)","decl":{"start":{"line":66,"column":32},"end":{"line":66,"column":37}},"loc":{"start":{"line":66,"column":45},"end":{"line":91,"column":11}},"line":66}},"branchMap":{"0":{"loc":{"start":{"line":16,"column":4},"end":{"line":16,"column":null}},"type":"if","locations":[{"start":{"line":16,"column":4},"end":{"line":16,"column":null}},{"start":{},"end":{}}],"line":16},"1":{"loc":{"start":{"line":31,"column":27},"end":{"line":31,"column":null}},"type":"binary-expr","locations":[{"start":{"line":31,"column":27},"end":{"line":31,"column":53}},{"start":{"line":31,"column":53},"end":{"line":31,"column":null}}],"line":31},"2":{"loc":{"start":{"line":33,"column":24},"end":{"line":33,"column":null}},"type":"cond-expr","locations":[{"start":{"line":33,"column":36},"end":{"line":33,"column":54}},{"start":{"line":33,"column":54},"end":{"line":33,"column":null}}],"line":33},"3":{"loc":{"start":{"line":38,"column":28},"end":{"line":38,"column":null}},"type":"binary-expr","locations":[{"start":{"line":38,"column":28},"end":{"line":38,"column":44}},{"start":{"line":38,"column":44},"end":{"line":38,"column":null}}],"line":38},"4":{"loc":{"start":{"line":40,"column":11},"end":{"line":40,"column":null}},"type":"binary-expr","locations":[{"start":{"line":40,"column":11},"end":{"line":40,"column":29}},{"start":{"line":40,"column":29},"end":{"line":40,"column":48}},{"start":{"line":40,"column":48},"end":{"line":40,"column":null}}],"line":40},"5":{"loc":{"start":{"line":43,"column":2},"end":{"line":43,"column":null}},"type":"if","locations":[{"start":{"line":43,"column":2},"end":{"line":43,"column":null}},{"start":{},"end":{}}],"line":43},"6":{"loc":{"start":{"line":60,"column":7},"end":{"line":92,"column":null}},"type":"cond-expr","locations":[{"start":{"line":61,"column":8},"end":{"line":65,"column":9}},{"start":{"line":65,"column":8},"end":{"line":92,"column":null}}],"line":60},"7":{"loc":{"start":{"line":68,"column":34},"end":{"line":68,"column":null}},"type":"cond-expr","locations":[{"start":{"line":68,"column":60},"end":{"line":68,"column":71}},{"start":{"line":68,"column":71},"end":{"line":68,"column":null}}],"line":68},"8":{"loc":{"start":{"line":68,"column":71},"end":{"line":68,"column":null}},"type":"cond-expr","locations":[{"start":{"line":68,"column":95},"end":{"line":68,"column":106}},{"start":{"line":68,"column":106},"end":{"line":68,"column":null}}],"line":68},"9":{"loc":{"start":{"line":73,"column":101},"end":{"line":73,"column":166}},"type":"cond-expr","locations":[{"start":{"line":73,"column":113},"end":{"line":73,"column":140}},{"start":{"line":73,"column":140},"end":{"line":73,"column":166}}],"line":73},"10":{"loc":{"start":{"line":73,"column":173},"end":{"line":73,"column":208}},"type":"cond-expr","locations":[{"start":{"line":73,"column":185},"end":{"line":73,"column":197}},{"start":{"line":73,"column":197},"end":{"line":73,"column":208}}],"line":73},"11":{"loc":{"start":{"line":74,"column":21},"end":{"line":74,"column":null}},"type":"cond-expr","locations":[{"start":{"line":74,"column":33},"end":{"line":74,"column":39}},{"start":{"line":74,"column":39},"end":{"line":74,"column":null}}],"line":74},"12":{"loc":{"start":{"line":78,"column":100},"end":{"line":78,"column":151}},"type":"cond-expr","locations":[{"start":{"line":78,"column":112},"end":{"line":78,"column":130}},{"start":{"line":78,"column":130},"end":{"line":78,"column":151}}],"line":78},"13":{"loc":{"start":{"line":82,"column":99},"end":{"line":82,"column":142}},"type":"cond-expr","locations":[{"start":{"line":82,"column":111},"end":{"line":82,"column":123}},{"start":{"line":82,"column":123},"end":{"line":82,"column":142}}],"line":82},"14":{"loc":{"start":{"line":83,"column":21},"end":{"line":83,"column":43}},"type":"cond-expr","locations":[{"start":{"line":83,"column":33},"end":{"line":83,"column":39}},{"start":{"line":83,"column":39},"end":{"line":83,"column":43}}],"line":83}},"s":{"0":11,"1":11,"2":11,"3":11,"4":11,"5":11,"6":11,"7":4,"8":0,"9":4,"10":4,"11":4,"12":3,"13":4,"14":3,"15":2,"16":3,"17":3,"18":4,"19":4,"20":11,"21":12,"22":12,"23":12,"24":12,"25":12,"26":12,"27":12,"28":12,"29":11,"30":4,"31":7,"32":4,"33":0,"34":0,"35":8,"36":8,"37":8},"f":{"0":11,"1":4,"2":3,"3":4,"4":2,"5":4,"6":12,"7":4,"8":0,"9":0,"10":8},"b":{"0":[0,4],"1":[12,0],"2":[6,6],"3":[12,0],"4":[12,12,8],"5":[4,7],"6":[1,6],"7":[0,8],"8":[1,7],"9":[2,6],"10":[2,6],"11":[2,6],"12":[2,6],"13":[2,6],"14":[2,6]},"meta":{"lastBranch":15,"lastFunction":11,"lastStatement":38,"seen":{"f:6:24:6:34":0,"s:7:19:7:Infinity":0,"s:8:22:8:Infinity":1,"s:9:19:9:Infinity":2,"s:11:22:11:Infinity":3,"s:12:21:12:Infinity":4,"s:13:22:13:Infinity":5,"s:15:2:28:Infinity":6,"f:15:2:15:18":1,"b:16:4:16:Infinity:undefined:undefined:undefined:undefined":0,"s:16:4:16:Infinity":7,"s:16:24:16:Infinity":8,"s:17:10:17:Infinity":9,"s:18:10:18:Infinity":10,"s:20:10:25:Infinity":11,"f:20:35:20:46":2,"s:21:24:21:Infinity":12,"f:21:38:21:42":3,"s:21:50:21:80":13,"s:22:6:22:Infinity":14,"f:22:16:22:22":4,"s:22:31:22:68":15,"s:23:6:23:Infinity":16,"s:24:6:24:Infinity":17,"s:27:4:27:Infinity":18,"f:27:4:27:17":5,"s:27:17:27:Infinity":19,"s:30:31:41:Infinity":20,"f:30:43:30:51":6,"s:31:27:31:Infinity":21,"b:31:27:31:53:31:53:31:Infinity":1,"s:32:22:32:Infinity":22,"s:33:24:33:Infinity":23,"b:33:36:33:54:33:54:33:Infinity":2,"s:34:28:34:Infinity":24,"s:36:24:36:Infinity":25,"s:37:33:37:Infinity":26,"s:38:28:38:Infinity":27,"b:38:28:38:44:38:44:38:Infinity":3,"s:40:4:40:Infinity":28,"b:40:11:40:29:40:29:40:48:40:48:40:Infinity":4,"b:43:2:43:Infinity:undefined:undefined:undefined:undefined":5,"s:43:2:43:Infinity":29,"s:43:16:43:Infinity":30,"s:45:2:94:Infinity":31,"f:50:83:50:94":7,"s:50:100:50:132":32,"f:51:35:51:46":8,"s:51:52:51:83":33,"f:57:47:57:58":9,"s:57:64:57:96":34,"b:61:8:65:9:65:8:92:Infinity":6,"f:66:32:66:37":10,"s:67:30:67:Infinity":35,"s:68:34:68:Infinity":36,"b:68:60:68:71:68:71:68:Infinity":7,"b:68:95:68:106:68:106:68:Infinity":8,"s:70:12:89:Infinity":37,"b:73:113:73:140:73:140:73:166":9,"b:73:185:73:197:73:197:73:208":10,"b:74:33:74:39:74:39:74:Infinity":11,"b:78:112:78:130:78:130:78:151":12,"b:82:111:82:123:82:123:82:142":13,"b:83:33:83:39:83:39:83:43":14},"fnNames":{}}}
,"C:\\Users\\pinto\\INACAP\\2026\\Tercer_semestre_2026\\FRONT_END\\EVA2\\EVA2_MiniBancoDigital\\minibancodigital\\src\\components\\Login.jsx": {"path":"C:\\Users\\pinto\\INACAP\\2026\\Tercer_semestre_2026\\FRONT_END\\EVA2\\EVA2_MiniBancoDigital\\minibancodigital\\src\\components\\Login.jsx","statementMap":{"0":{"start":{"line":9,"column":16},"end":{"line":9,"column":null}},"1":{"start":{"line":10,"column":19},"end":{"line":10,"column":null}},"2":{"start":{"line":13,"column":24},"end":{"line":13,"column":null}},"3":{"start":{"line":14,"column":16},"end":{"line":14,"column":null}},"4":{"start":{"line":16,"column":8},"end":{"line":16,"column":null}},"5":{"start":{"line":16,"column":40},"end":{"line":16,"column":null}},"6":{"start":{"line":17,"column":8},"end":{"line":17,"column":null}},"7":{"start":{"line":17,"column":43},"end":{"line":17,"column":null}},"8":{"start":{"line":20,"column":23},"end":{"line":49,"column":null}},"9":{"start":{"line":21,"column":4},"end":{"line":21,"column":null}},"10":{"start":{"line":22,"column":4},"end":{"line":22,"column":null}},"11":{"start":{"line":24,"column":4},"end":{"line":48,"column":null}},"12":{"start":{"line":25,"column":6},"end":{"line":43,"column":null}},"13":{"start":{"line":28,"column":31},"end":{"line":28,"column":null}},"14":{"start":{"line":29,"column":21},"end":{"line":29,"column":null}},"15":{"start":{"line":33,"column":8},"end":{"line":36,"column":null}},"16":{"start":{"line":38,"column":8},"end":{"line":38,"column":null}},"17":{"start":{"line":41,"column":8},"end":{"line":41,"column":null}},"18":{"start":{"line":42,"column":8},"end":{"line":42,"column":null}},"19":{"start":{"line":46,"column":6},"end":{"line":46,"column":null}},"20":{"start":{"line":47,"column":6},"end":{"line":47,"column":null}},"21":{"start":{"line":51,"column":2},"end":{"line":97,"column":null}},"22":{"start":{"line":92,"column":23},"end":{"line":92,"column":null}}},"fnMap":{"0":{"name":"Login","decl":{"start":{"line":8,"column":24},"end":{"line":8,"column":32}},"loc":{"start":{"line":8,"column":32},"end":{"line":99,"column":null}},"line":8},"1":{"name":"(anonymous_1)","decl":{"start":{"line":16,"column":8},"end":{"line":16,"column":29}},"loc":{"start":{"line":16,"column":40},"end":{"line":16,"column":null}},"line":16},"2":{"name":"(anonymous_2)","decl":{"start":{"line":17,"column":8},"end":{"line":17,"column":32}},"loc":{"start":{"line":17,"column":43},"end":{"line":17,"column":null}},"line":17},"3":{"name":"(anonymous_3)","decl":{"start":{"line":20,"column":23},"end":{"line":20,"column":30}},"loc":{"start":{"line":20,"column":41},"end":{"line":49,"column":null}},"line":20},"4":{"name":"(anonymous_4)","decl":{"start":{"line":92,"column":8},"end":{"line":92,"column":23}},"loc":{"start":{"line":92,"column":23},"end":{"line":92,"column":null}},"line":92}},"branchMap":{"0":{"loc":{"start":{"line":25,"column":6},"end":{"line":43,"column":null}},"type":"if","locations":[{"start":{"line":25,"column":6},"end":{"line":43,"column":null}},{"start":{"line":39,"column":13},"end":{"line":43,"column":null}}],"line":25},"1":{"loc":{"start":{"line":53,"column":11},"end":{"line":53,"column":67}},"type":"cond-expr","locations":[{"start":{"line":53,"column":27},"end":{"line":53,"column":44}},{"start":{"line":53,"column":44},"end":{"line":53,"column":67}}],"line":53},"2":{"loc":{"start":{"line":83,"column":9},"end":{"line":83,"column":null}},"type":"binary-expr","locations":[{"start":{"line":83,"column":9},"end":{"line":83,"column":18}},{"start":{"line":83,"column":18},"end":{"line":83,"column":null}}],"line":83},"3":{"loc":{"start":{"line":86,"column":11},"end":{"line":86,"column":null}},"type":"cond-expr","locations":[{"start":{"line":86,"column":27},"end":{"line":86,"column":43}},{"start":{"line":86,"column":43},"end":{"line":86,"column":null}}],"line":86},"4":{"loc":{"start":{"line":95,"column":9},"end":{"line":95,"column":null}},"type":"cond-expr","locations":[{"start":{"line":95,"column":25},"end":{"line":95,"column":62}},{"start":{"line":95,"column":62},"end":{"line":95,"column":null}}],"line":95}},"s":{"0":72,"1":72,"2":72,"3":72,"4":72,"5":44,"6":72,"7":16,"8":72,"9":3,"10":3,"11":3,"12":3,"13":1,"14":1,"15":1,"16":1,"17":2,"18":1,"19":1,"20":1,"21":72,"22":3},"f":{"0":72,"1":44,"2":16,"3":3,"4":3},"b":{"0":[1,2],"1":[23,49],"2":[72,1],"3":[23,49],"4":[23,49]},"meta":{"lastBranch":5,"lastFunction":5,"lastStatement":23,"seen":{"f:8:24:8:32":0,"s:9:16:9:Infinity":0,"s:10:19:10:Infinity":1,"s:13:24:13:Infinity":2,"s:14:16:14:Infinity":3,"s:16:8:16:Infinity":4,"f:16:8:16:29":1,"s:16:40:16:Infinity":5,"s:17:8:17:Infinity":6,"f:17:8:17:32":2,"s:17:43:17:Infinity":7,"s:20:23:49:Infinity":8,"f:20:23:20:30":3,"s:21:4:21:Infinity":9,"s:22:4:22:Infinity":10,"s:24:4:48:Infinity":11,"b:25:6:43:Infinity:39:13:43:Infinity":0,"s:25:6:43:Infinity":12,"s:28:31:28:Infinity":13,"s:29:21:29:Infinity":14,"s:33:8:36:Infinity":15,"s:38:8:38:Infinity":16,"s:41:8:41:Infinity":17,"s:42:8:42:Infinity":18,"s:46:6:46:Infinity":19,"s:47:6:47:Infinity":20,"s:51:2:97:Infinity":21,"b:53:27:53:44:53:44:53:67":1,"b:83:9:83:18:83:18:83:Infinity":2,"b:86:27:86:43:86:43:86:Infinity":3,"f:92:8:92:23":4,"s:92:23:92:Infinity":22,"b:95:25:95:62:95:62:95:Infinity":4},"fnNames":{}}}
,"C:\\Users\\pinto\\INACAP\\2026\\Tercer_semestre_2026\\FRONT_END\\EVA2\\EVA2_MiniBancoDigital\\minibancodigital\\src\\components\\TransferForm.jsx": {"path":"C:\\Users\\pinto\\INACAP\\2026\\Tercer_semestre_2026\\FRONT_END\\EVA2\\EVA2_MiniBancoDigital\\minibancodigital\\src\\components\\TransferForm.jsx","statementMap":{"0":{"start":{"line":8,"column":19},"end":{"line":8,"column":null}},"1":{"start":{"line":9,"column":23},"end":{"line":9,"column":null}},"2":{"start":{"line":10,"column":16},"end":{"line":10,"column":null}},"3":{"start":{"line":11,"column":17},"end":{"line":11,"column":null}},"4":{"start":{"line":12,"column":21},"end":{"line":12,"column":null}},"5":{"start":{"line":14,"column":23},"end":{"line":41,"column":null}},"6":{"start":{"line":15,"column":4},"end":{"line":15,"column":null}},"7":{"start":{"line":16,"column":4},"end":{"line":16,"column":null}},"8":{"start":{"line":19,"column":10},"end":{"line":19,"column":null}},"9":{"start":{"line":21,"column":4},"end":{"line":23,"column":null}},"10":{"start":{"line":22,"column":6},"end":{"line":22,"column":null}},"11":{"start":{"line":25,"column":4},"end":{"line":25,"column":null}},"12":{"start":{"line":26,"column":21},"end":{"line":26,"column":null}},"13":{"start":{"line":28,"column":4},"end":{"line":40,"column":null}},"14":{"start":{"line":30,"column":6},"end":{"line":30,"column":null}},"15":{"start":{"line":32,"column":6},"end":{"line":32,"column":null}},"16":{"start":{"line":33,"column":6},"end":{"line":33,"column":null}},"17":{"start":{"line":34,"column":6},"end":{"line":34,"column":null}},"18":{"start":{"line":37,"column":6},"end":{"line":37,"column":null}},"19":{"start":{"line":39,"column":6},"end":{"line":39,"column":null}},"20":{"start":{"line":43,"column":2},"end":{"line":62,"column":null}},"21":{"start":{"line":48,"column":68},"end":{"line":48,"column":101}},"22":{"start":{"line":51,"column":62},"end":{"line":51,"column":88}}},"fnMap":{"0":{"name":"TransferForm","decl":{"start":{"line":7,"column":24},"end":{"line":7,"column":37}},"loc":{"start":{"line":7,"column":54},"end":{"line":64,"column":null}},"line":7},"1":{"name":"(anonymous_1)","decl":{"start":{"line":14,"column":23},"end":{"line":14,"column":30}},"loc":{"start":{"line":14,"column":41},"end":{"line":41,"column":null}},"line":14},"2":{"name":"(anonymous_2)","decl":{"start":{"line":48,"column":51},"end":{"line":48,"column":62}},"loc":{"start":{"line":48,"column":68},"end":{"line":48,"column":101}},"line":48},"3":{"name":"(anonymous_3)","decl":{"start":{"line":51,"column":45},"end":{"line":51,"column":56}},"loc":{"start":{"line":51,"column":62},"end":{"line":51,"column":88}},"line":51}},"branchMap":{"0":{"loc":{"start":{"line":21,"column":4},"end":{"line":23,"column":null}},"type":"if","locations":[{"start":{"line":21,"column":4},"end":{"line":23,"column":null}},{"start":{},"end":{}}],"line":21},"1":{"loc":{"start":{"line":37,"column":40},"end":{"line":37,"column":81}},"type":"binary-expr","locations":[{"start":{"line":37,"column":40},"end":{"line":37,"column":57}},{"start":{"line":37,"column":57},"end":{"line":37,"column":81}}],"line":37},"2":{"loc":{"start":{"line":53,"column":9},"end":{"line":56,"column":null}},"type":"binary-expr","locations":[{"start":{"line":53,"column":9},"end":{"line":53,"column":null}},{"start":{"line":54,"column":10},"end":{"line":56,"column":null}}],"line":53},"3":{"loc":{"start":{"line":54,"column":101},"end":{"line":54,"column":180}},"type":"cond-expr","locations":[{"start":{"line":54,"column":127},"end":{"line":54,"column":154}},{"start":{"line":54,"column":154},"end":{"line":54,"column":180}}],"line":54},"4":{"loc":{"start":{"line":54,"column":187},"end":{"line":54,"column":236}},"type":"cond-expr","locations":[{"start":{"line":54,"column":213},"end":{"line":54,"column":225}},{"start":{"line":54,"column":225},"end":{"line":54,"column":236}}],"line":54},"5":{"loc":{"start":{"line":58,"column":110},"end":{"line":58,"column":168}},"type":"cond-expr","locations":[{"start":{"line":58,"column":123},"end":{"line":58,"column":146}},{"start":{"line":58,"column":146},"end":{"line":58,"column":168}}],"line":58},"6":{"loc":{"start":{"line":58,"column":175},"end":{"line":58,"column":227}},"type":"cond-expr","locations":[{"start":{"line":58,"column":188},"end":{"line":58,"column":216}},{"start":{"line":58,"column":216},"end":{"line":58,"column":227}}],"line":58},"7":{"loc":{"start":{"line":58,"column":291},"end":{"line":58,"column":331}},"type":"cond-expr","locations":[{"start":{"line":58,"column":304},"end":{"line":58,"column":320}},{"start":{"line":58,"column":320},"end":{"line":58,"column":331}}],"line":58},"8":{"loc":{"start":{"line":59,"column":11},"end":{"line":59,"column":null}},"type":"cond-expr","locations":[{"start":{"line":59,"column":24},"end":{"line":59,"column":42}},{"start":{"line":59,"column":42},"end":{"line":59,"column":null}}],"line":59}},"s":{"0":69,"1":69,"2":69,"3":69,"4":69,"5":69,"6":3,"7":3,"8":3,"9":3,"10":1,"11":2,"12":2,"13":2,"14":2,"15":1,"16":1,"17":1,"18":1,"19":2,"20":69,"21":49,"22":11},"f":{"0":69,"1":3,"2":49,"3":11},"b":{"0":[1,2],"1":[1,0],"2":[69,3],"3":[2,1],"4":[2,1],"5":[2,67],"6":[2,67],"7":[2,67],"8":[2,67]},"meta":{"lastBranch":9,"lastFunction":4,"lastStatement":23,"seen":{"f:7:24:7:37":0,"s:8:19:8:Infinity":0,"s:9:23:9:Infinity":1,"s:10:16:10:Infinity":2,"s:11:17:11:Infinity":3,"s:12:21:12:Infinity":4,"s:14:23:41:Infinity":5,"f:14:23:14:30":1,"s:15:4:15:Infinity":6,"s:16:4:16:Infinity":7,"s:19:10:19:Infinity":8,"b:21:4:23:Infinity:undefined:undefined:undefined:undefined":0,"s:21:4:23:Infinity":9,"s:22:6:22:Infinity":10,"s:25:4:25:Infinity":11,"s:26:21:26:Infinity":12,"s:28:4:40:Infinity":13,"s:30:6:30:Infinity":14,"s:32:6:32:Infinity":15,"s:33:6:33:Infinity":16,"s:34:6:34:Infinity":17,"s:37:6:37:Infinity":18,"b:37:40:37:57:37:57:37:81":1,"s:39:6:39:Infinity":19,"s:43:2:62:Infinity":20,"f:48:51:48:62":2,"s:48:68:48:101":21,"f:51:45:51:56":3,"s:51:62:51:88":22,"b:53:9:53:Infinity:54:10:56:Infinity":2,"b:54:127:54:154:54:154:54:180":3,"b:54:213:54:225:54:225:54:236":4,"b:58:123:58:146:58:146:58:168":5,"b:58:188:58:216:58:216:58:227":6,"b:58:304:58:320:58:320:58:331":7,"b:59:24:59:42:59:42:59:Infinity":8},"fnNames":{}}}
,"C:\\Users\\pinto\\INACAP\\2026\\Tercer_semestre_2026\\FRONT_END\\EVA2\\EVA2_MiniBancoDigital\\minibancodigital\\src\\context\\AuthContext.jsx": {"path":"C:\\Users\\pinto\\INACAP\\2026\\Tercer_semestre_2026\\FRONT_END\\EVA2\\EVA2_MiniBancoDigital\\minibancodigital\\src\\context\\AuthContext.jsx","statementMap":{"0":{"start":{"line":7,"column":13},"end":{"line":7,"column":null}},"1":{"start":{"line":10,"column":6},"end":{"line":19,"column":null}},"2":{"start":{"line":11,"column":2},"end":{"line":18,"column":null}},"3":{"start":{"line":13,"column":6},"end":{"line":13,"column":null}},"4":{"start":{"line":15,"column":6},"end":{"line":15,"column":null}},"5":{"start":{"line":17,"column":6},"end":{"line":17,"column":null}},"6":{"start":{"line":22,"column":13},"end":{"line":47,"column":null}},"7":{"start":{"line":24,"column":17},"end":{"line":27,"column":null}},"8":{"start":{"line":30,"column":2},"end":{"line":40,"column":null}},"9":{"start":{"line":31,"column":10},"end":{"line":37,"column":null}},"10":{"start":{"line":32,"column":6},"end":{"line":36,"column":null}},"11":{"start":{"line":33,"column":8},"end":{"line":33,"column":null}},"12":{"start":{"line":35,"column":8},"end":{"line":35,"column":null}},"13":{"start":{"line":39,"column":4},"end":{"line":39,"column":null}},"14":{"start":{"line":39,"column":17},"end":{"line":39,"column":null}},"15":{"start":{"line":42,"column":2},"end":{"line":45,"column":null}}},"fnMap":{"0":{"name":"(anonymous_0)","decl":{"start":{"line":10,"column":6},"end":{"line":10,"column":21}},"loc":{"start":{"line":10,"column":40},"end":{"line":19,"column":null}},"line":10},"1":{"name":"(anonymous_1)","decl":{"start":{"line":22,"column":13},"end":{"line":22,"column":29}},"loc":{"start":{"line":22,"column":46},"end":{"line":47,"column":null}},"line":22},"2":{"name":"(anonymous_2)","decl":{"start":{"line":30,"column":2},"end":{"line":30,"column":18}},"loc":{"start":{"line":30,"column":18},"end":{"line":40,"column":5}},"line":30},"3":{"name":"(anonymous_3)","decl":{"start":{"line":31,"column":43},"end":{"line":31,"column":50}},"loc":{"start":{"line":31,"column":68},"end":{"line":37,"column":5}},"line":31},"4":{"name":"(anonymous_4)","decl":{"start":{"line":39,"column":4},"end":{"line":39,"column":17}},"loc":{"start":{"line":39,"column":17},"end":{"line":39,"column":null}},"line":39}},"branchMap":{"0":{"loc":{"start":{"line":11,"column":2},"end":{"line":18,"column":null}},"type":"switch","locations":[{"start":{"line":12,"column":4},"end":{"line":13,"column":null}},{"start":{"line":14,"column":4},"end":{"line":15,"column":null}},{"start":{"line":16,"column":4},"end":{"line":17,"column":null}}],"line":11},"1":{"loc":{"start":{"line":32,"column":6},"end":{"line":36,"column":null}},"type":"if","locations":[{"start":{"line":32,"column":6},"end":{"line":36,"column":null}},{"start":{"line":34,"column":13},"end":{"line":36,"column":null}}],"line":32}},"s":{"0":3,"1":3,"2":2,"3":1,"4":1,"5":0,"6":3,"7":6,"8":6,"9":4,"10":2,"11":1,"12":1,"13":4,"14":4,"15":6},"f":{"0":2,"1":6,"2":4,"3":2,"4":4},"b":{"0":[1,1,0],"1":[1,1]},"meta":{"lastBranch":2,"lastFunction":5,"lastStatement":16,"seen":{"s:7:13:7:Infinity":0,"s:10:6:19:Infinity":1,"f:10:6:10:21":0,"b:12:4:13:Infinity:14:4:15:Infinity:16:4:17:Infinity":0,"s:11:2:18:Infinity":2,"s:13:6:13:Infinity":3,"s:15:6:15:Infinity":4,"s:17:6:17:Infinity":5,"s:22:13:47:Infinity":6,"f:22:13:22:29":1,"s:24:17:27:Infinity":7,"s:30:2:40:Infinity":8,"f:30:2:30:18":2,"s:31:10:37:Infinity":9,"f:31:43:31:50":3,"b:32:6:36:Infinity:34:13:36:Infinity":1,"s:32:6:36:Infinity":10,"s:33:8:33:Infinity":11,"s:35:8:35:Infinity":12,"s:39:4:39:Infinity":13,"f:39:4:39:17":4,"s:39:17:39:Infinity":14,"s:42:2:45:Infinity":15},"fnNames":{}}}
,"C:\\Users\\pinto\\INACAP\\2026\\Tercer_semestre_2026\\FRONT_END\\EVA2\\EVA2_MiniBancoDigital\\minibancodigital\\src\\utils\\validaciones.js": {"path":"C:\\Users\\pinto\\INACAP\\2026\\Tercer_semestre_2026\\FRONT_END\\EVA2\\EVA2_MiniBancoDigital\\minibancodigital\\src\\utils\\validaciones.js","statementMap":{"0":{"start":{"line":1,"column":13},"end":{"line":18,"column":null}},"1":{"start":{"line":2,"column":19},"end":{"line":2,"column":null}},"2":{"start":{"line":4,"column":2},"end":{"line":6,"column":null}},"3":{"start":{"line":5,"column":4},"end":{"line":5,"column":null}},"4":{"start":{"line":7,"column":2},"end":{"line":9,"column":null}},"5":{"start":{"line":8,"column":4},"end":{"line":8,"column":null}},"6":{"start":{"line":10,"column":2},"end":{"line":12,"column":null}},"7":{"start":{"line":11,"column":4},"end":{"line":11,"column":null}},"8":{"start":{"line":13,"column":2},"end":{"line":15,"column":null}},"9":{"start":{"line":14,"column":4},"end":{"line":14,"column":null}},"10":{"start":{"line":17,"column":2},"end":{"line":17,"column":null}}},"fnMap":{"0":{"name":"(anonymous_0)","decl":{"start":{"line":1,"column":13},"end":{"line":1,"column":37}},"loc":{"start":{"line":1,"column":87},"end":{"line":18,"column":null}},"line":1}},"branchMap":{"0":{"loc":{"start":{"line":4,"column":2},"end":{"line":6,"column":null}},"type":"if","locations":[{"start":{"line":4,"column":2},"end":{"line":6,"column":null}},{"start":{},"end":{}}],"line":4},"1":{"loc":{"start":{"line":4,"column":6},"end":{"line":4,"column":40}},"type":"binary-expr","locations":[{"start":{"line":4,"column":6},"end":{"line":4,"column":25}},{"start":{"line":4,"column":25},"end":{"line":4,"column":40}}],"line":4},"2":{"loc":{"start":{"line":7,"column":2},"end":{"line":9,"column":null}},"type":"if","locations":[{"start":{"line":7,"column":2},"end":{"line":9,"column":null}},{"start":{},"end":{}}],"line":7},"3":{"loc":{"start":{"line":10,"column":2},"end":{"line":12,"column":null}},"type":"if","locations":[{"start":{"line":10,"column":2},"end":{"line":12,"column":null}},{"start":{},"end":{}}],"line":10},"4":{"loc":{"start":{"line":10,"column":6},"end":{"line":10,"column":52}},"type":"binary-expr","locations":[{"start":{"line":10,"column":6},"end":{"line":10,"column":23}},{"start":{"line":10,"column":23},"end":{"line":10,"column":52}}],"line":10},"5":{"loc":{"start":{"line":13,"column":2},"end":{"line":15,"column":null}},"type":"if","locations":[{"start":{"line":13,"column":2},"end":{"line":15,"column":null}},{"start":{},"end":{}}],"line":13}},"s":{"0":2,"1":10,"2":10,"3":3,"4":7,"5":1,"6":6,"7":2,"8":4,"9":1,"10":3},"f":{"0":10},"b":{"0":[3,7],"1":[10,10],"2":[1,6],"3":[2,4],"4":[6,5],"5":[1,3]},"meta":{"lastBranch":6,"lastFunction":1,"lastStatement":11,"seen":{"s:1:13:18:Infinity":0,"f:1:13:1:37":0,"s:2:19:2:Infinity":1,"b:4:2:6:Infinity:undefined:undefined:undefined:undefined":0,"s:4:2:6:Infinity":2,"b:4:6:4:25:4:25:4:40":1,"s:5:4:5:Infinity":3,"b:7:2:9:Infinity:undefined:undefined:undefined:undefined":2,"s:7:2:9:Infinity":4,"s:8:4:8:Infinity":5,"b:10:2:12:Infinity:undefined:undefined:undefined:undefined":3,"s:10:2:12:Infinity":6,"b:10:6:10:23:10:23:10:52":4,"s:11:4:11:Infinity":7,"b:13:2:15:Infinity:undefined:undefined:undefined:undefined":5,"s:13:2:15:Infinity":8,"s:14:4:14:Infinity":9,"s:17:2:17:Infinity":10},"fnNames":{}}}
}
